c:\users\anetka\desktop\projekt dadm\dadm_git\dadm\dadm\dadm\debug\vc140.pdb
c:\users\anetka\desktop\projekt dadm\dadm_git\dadm\dadm\dadm\debug\visualization3d.obj
c:\users\anetka\desktop\projekt dadm\dadm_git\dadm\dadm\dadm\debug\mri.obj
c:\users\anetka\desktop\projekt dadm\dadm_git\dadm\dadm\dadm\debug\main.obj
c:\users\anetka\desktop\projekt dadm\dadm_git\dadm\dadm\dadm\debug\moc_visualization3d.obj
c:\users\anetka\desktop\projekt dadm\dadm_git\dadm\dadm\dadm\debug\moc_dadm.obj
c:\users\anetka\desktop\projekt dadm\dadm_git\dadm\dadm\dadm\debug\dadm.obj
c:\users\anetka\desktop\projekt dadm\dadm_git\dadm\dadm\dadm\debug\helpermethods.obj
c:\users\anetka\desktop\projekt dadm\dadm_git\dadm\dadm\dadm\debug\qrc_dadm.obj
c:\users\anetka\desktop\projekt dadm\dadm_git\dadm\dadm\dadm\generatedfiles\debug\moc_dadm.cpp
c:\users\anetka\desktop\projekt dadm\dadm_git\dadm\dadm\dadm\generatedfiles\ui_dadm.h
c:\users\anetka\desktop\projekt dadm\dadm_git\dadm\dadm\dadm\generatedfiles\qrc_dadm.cpp
c:\users\anetka\desktop\projekt dadm\dadm_git\dadm\dadm\dadm\generatedfiles\ui_visualization3d.h
c:\users\anetka\desktop\projekt dadm\dadm_git\dadm\dadm\dadm\generatedfiles\debug\moc_visualization3d.cpp
c:\users\anetka\desktop\projekt dadm\dadm_git\dadm\dadm\win32\debug\dadm.ilk
c:\users\anetka\desktop\projekt dadm\dadm_git\dadm\dadm\win32\debug\dadm.exe
c:\users\anetka\desktop\projekt dadm\dadm_git\dadm\dadm\win32\debug\dadm.pdb
c:\users\anetka\desktop\projekt dadm\dadm_git\dadm\dadm\dadm\debug\dadm.tlog\cl.command.1.tlog
c:\users\anetka\desktop\projekt dadm\dadm_git\dadm\dadm\dadm\debug\dadm.tlog\cl.read.1.tlog
c:\users\anetka\desktop\projekt dadm\dadm_git\dadm\dadm\dadm\debug\dadm.tlog\cl.write.1.tlog
c:\users\anetka\desktop\projekt dadm\dadm_git\dadm\dadm\dadm\debug\dadm.tlog\custombuild.command.1.tlog
c:\users\anetka\desktop\projekt dadm\dadm_git\dadm\dadm\dadm\debug\dadm.tlog\custombuild.read.1.tlog
c:\users\anetka\desktop\projekt dadm\dadm_git\dadm\dadm\dadm\debug\dadm.tlog\custombuild.write.1.tlog
c:\users\anetka\desktop\projekt dadm\dadm_git\dadm\dadm\dadm\debug\dadm.tlog\link.command.1.tlog
c:\users\anetka\desktop\projekt dadm\dadm_git\dadm\dadm\dadm\debug\dadm.tlog\link.read.1.tlog
c:\users\anetka\desktop\projekt dadm\dadm_git\dadm\dadm\dadm\debug\dadm.tlog\link.write.1.tlog
