  Moc'ing dadm.h...
  Uic'ing dadm.ui...
  Moc'ing ObliqueImaging_GUI.h...
  Moc'ing Upsampling_GUI.h...
  Moc'ing visualization3d.h...
  Rcc'ing dadm.qrc...
RCC : warning : No resources in 'C:\dadm_git_mat\DADM\x64\DADM\DADM\dadm.qrc'.
  
  Uic'ing ObliqueImaging_GUI.ui...
  Uic'ing visualization3d.ui...
  Uic'ing Upsampling_GUI.ui...
  Brain_3D.cpp
  dadm.cpp
  Diffusion_Module.cpp
  Diffusion_Structural_Module.cpp
  Diffusion_tensor_imaging.cpp
  Estimation_Module.cpp
  moc_dadm.cpp
  moc_ObliqueImaging_GUI.cpp
  moc_Upsampling_GUI.cpp
  moc_visualization3d.cpp
  Globals.cpp
  helpermethods.cpp
  Intensity_inhomogenity_correction.cpp
  main.cpp
  MRI_Module.cpp
  Non_stationary_noise_estimation.cpp
  Non_stationary_noise_filtering_1.cpp
  Non_stationary_noise_filtering_2.cpp
  ObliqueImaging_GUI.cpp
  Oblique_imaging.cpp
  Generating Code...
c:\dadm_git_mat\dadm\x64\dadm\dadm\estimation_module.h(21): warning C4715: 'Estimation_Module::getData3D': not all control paths return a value
c:\dadm_git_mat\dadm\x64\dadm\dadm\estimation_module.h(31): warning C4715: 'Estimation_Module::getData4D': not all control paths return a value
  Compiling...
  Reconstruction.cpp
C:\Program Files (x86)\Microsoft Visual Studio 14.0\VC\include\xutility(2229): warning C4996: 'std::_Copy_impl': Function call with parameters that may be unsafe - this call relies on the caller to check that the passed values are correct. To disable this warning, use -D_SCL_SECURE_NO_WARNINGS. See documentation on how to use Visual C++ 'Checked Iterators'
  C:\Program Files (x86)\Microsoft Visual Studio 14.0\VC\include\xutility(2216): note: see declaration of 'std::_Copy_impl'
  c:\dadm_git_mat\dadm\x64\dadm\packages\eigen.3.3.3\build\native\include\unsupported\eigen\src/FFT/ei_kissfft_impl.h(311): note: see reference to function template instantiation '_OutIt std::copy<std::_Vector_iterator<std::_Vector_val<std::_Simple_types<std::complex<float>>>>,std::complex<float>*>(_InIt,_InIt,_OutIt)' being compiled
          with
          [
              _OutIt=std::complex<float> *,
              _InIt=std::_Vector_iterator<std::_Vector_val<std::_Simple_types<std::complex<float>>>>
          ]
  c:\dadm_git_mat\dadm\x64\dadm\packages\eigen.3.3.3\build\native\include\unsupported\eigen\src/FFT/ei_kissfft_impl.h(306): note: while compiling class template member function 'void Eigen::internal::kissfft_impl<T>::fwd(std::complex<float> *,const float *,int)'
          with
          [
              T=float
          ]
  C:\dadm_git_mat\DADM\x64\DADM\packages\Eigen.3.3.3\build\native\include\unsupported/Eigen/FFT(189): note: see reference to function template instantiation 'void Eigen::internal::kissfft_impl<T>::fwd(std::complex<float> *,const float *,int)' being compiled
          with
          [
              T=float
          ]
  C:\dadm_git_mat\DADM\x64\DADM\packages\Eigen.3.3.3\build\native\include\unsupported/Eigen/FFT(92): note: see reference to class template instantiation 'Eigen::internal::kissfft_impl<T>' being compiled
          with
          [
              T=float
          ]
  C:\dadm_git_mat\DADM\x64\DADM\packages\Eigen.3.3.3\build\native\include\unsupported/Eigen/FFT(164): note: see reference to class template instantiation 'Eigen::default_fft_impl<T_Scalar>' being compiled
          with
          [
              T_Scalar=float
          ]
  Reconstruction.cpp(33): note: see reference to class template instantiation 'Eigen::FFT<float,Eigen::default_fft_impl<T_Scalar>>' being compiled
          with
          [
              T_Scalar=float
          ]
  Segmentation.cpp
  Skull_stripping.cpp
  Upsampling.cpp
  Upsampling_GUI.cpp
  visualization3d.cpp
  Generating Code...
  qrc_dadm.cpp
  LINK : C:\dadm_git_mat\DADM\x64\DADM\x64\Debug\\DADM.exe not found or not built by the last incremental link; performing full link
  DADM.vcxproj -> C:\dadm_git_mat\DADM\x64\DADM\x64\Debug\DADM.exe
